0 info it worked if it ends with ok
1 verbose cli [ 'C:\\Program Files\\nodejs\\node.exe',
1 verbose cli   'C:\\Program Files\\nodejs\\node_modules\\npm\\bin\\npm-cli.js',
1 verbose cli   'install',
1 verbose cli   'jquery',
1 verbose cli   '2.1.4' ]
2 info using npm@2.14.12
3 info using node@v4.3.1
4 verbose install initial load of C:\xampp\htdocs\ereport\package.json
5 warn package.json zagotovka@1.0.0 No repository field.
6 warn package.json zagotovka@1.0.0 No README data
7 verbose installManyTop reading scoped package data from C:\xampp\htdocs\ereport\node_modules\4\package.json
8 verbose installManyTop reading scoped package data from C:\xampp\htdocs\ereport\node_modules\bootstrap\package.json
9 verbose installManyTop reading scoped package data from C:\xampp\htdocs\ereport\node_modules\browser-sync\package.json
10 verbose installManyTop reading scoped package data from C:\xampp\htdocs\ereport\node_modules\gulp\package.json
11 verbose installManyTop reading scoped package data from C:\xampp\htdocs\ereport\node_modules\gulp-autoprefixer\package.json
12 verbose installManyTop reading scoped package data from C:\xampp\htdocs\ereport\node_modules\gulp-imagemin\package.json
13 verbose installManyTop reading scoped package data from C:\xampp\htdocs\ereport\node_modules\gulp-minify-css\package.json
14 verbose installManyTop reading scoped package data from C:\xampp\htdocs\ereport\node_modules\gulp-rigger\package.json
15 verbose installManyTop reading scoped package data from C:\xampp\htdocs\ereport\node_modules\gulp-sass\package.json
16 verbose installManyTop reading scoped package data from C:\xampp\htdocs\ereport\node_modules\gulp-sourcemaps\package.json
17 verbose installManyTop reading scoped package data from C:\xampp\htdocs\ereport\node_modules\gulp-uglify\package.json
18 verbose installManyTop reading scoped package data from C:\xampp\htdocs\ereport\node_modules\gulp-watch\package.json
19 verbose installManyTop reading scoped package data from C:\xampp\htdocs\ereport\node_modules\imagemin-pngquant\package.json
20 verbose installManyTop reading scoped package data from C:\xampp\htdocs\ereport\node_modules\object-assign\package.json
21 verbose installManyTop reading scoped package data from C:\xampp\htdocs\ereport\node_modules\optional\package.json
22 verbose installManyTop reading scoped package data from C:\xampp\htdocs\ereport\node_modules\plur\package.json
23 verbose installManyTop reading scoped package data from C:\xampp\htdocs\ereport\node_modules\pretty-bytes\package.json
24 verbose installManyTop reading scoped package data from C:\xampp\htdocs\ereport\node_modules\readable-stream\package.json
25 verbose installManyTop reading scoped package data from C:\xampp\htdocs\ereport\node_modules\rimraf\package.json
26 verbose installManyTop reading scoped package data from C:\xampp\htdocs\ereport\node_modules\stream-combiner2\package.json
27 verbose installManyTop reading scoped package data from C:\xampp\htdocs\ereport\node_modules\through2-concurrent\package.json
28 verbose installManyTop reading scoped package data from C:\xampp\htdocs\ereport\node_modules\vinyl-fs\package.json
29 info package.json 4@0.0.0 No repository field.
30 info package.json 4@0.0.0 No README data
31 info package.json gulp-minify-css@1.2.4 No repository field.
32 verbose readDependencies loading dependencies from C:\xampp\htdocs\ereport\package.json
33 silly cache add args [ 'jquery', null ]
34 verbose cache add spec jquery
35 silly cache add args [ '2.1.4', null ]
36 verbose cache add spec 2.1.4
37 silly cache add parsed spec Result {
37 silly cache add   raw: 'jquery',
37 silly cache add   scope: null,
37 silly cache add   name: 'jquery',
37 silly cache add   rawSpec: '',
37 silly cache add   spec: 'latest',
37 silly cache add   type: 'tag' }
38 silly addNamed jquery@latest
39 verbose addNamed "latest" is being treated as a dist-tag for jquery
40 info addNameTag [ 'jquery', 'latest' ]
41 silly mapToRegistry name jquery
42 silly mapToRegistry using default registry
43 silly mapToRegistry registry https://registry.npmjs.org/
44 silly mapToRegistry uri https://registry.npmjs.org/jquery
45 verbose addNameTag registry:https://registry.npmjs.org/jquery not in flight; fetching
46 silly cache add parsed spec Result {
46 silly cache add   raw: '2.1.4',
46 silly cache add   scope: null,
46 silly cache add   name: '2.1.4',
46 silly cache add   rawSpec: '',
46 silly cache add   spec: 'latest',
46 silly cache add   type: 'tag' }
47 silly addNamed 2.1.4@latest
48 verbose addNamed "latest" is being treated as a dist-tag for 2.1.4
49 info addNameTag [ '2.1.4', 'latest' ]
50 silly mapToRegistry name 2.1.4
51 silly mapToRegistry using default registry
52 silly mapToRegistry registry https://registry.npmjs.org/
53 silly mapToRegistry uri https://registry.npmjs.org/2.1.4
54 verbose addNameTag registry:https://registry.npmjs.org/2.1.4 not in flight; fetching
55 verbose request uri https://registry.npmjs.org/2.1.4
56 verbose request no auth needed
57 info attempt registry request try #1 at 13:44:59
58 verbose request id 4688839e7e55c8ef
59 http request GET https://registry.npmjs.org/2.1.4
60 verbose request uri https://registry.npmjs.org/jquery
61 verbose request no auth needed
62 info attempt registry request try #1 at 13:44:59
63 verbose etag "8MTL7MP4HZUMBW92VFJGYBXIZ"
64 http request GET https://registry.npmjs.org/jquery
65 http 304 https://registry.npmjs.org/jquery
66 verbose headers { date: 'Fri, 11 Mar 2016 07:44:58 GMT',
66 verbose headers   via: '1.1 varnish',
66 verbose headers   'cache-control': 'max-age=300',
66 verbose headers   etag: '"8MTL7MP4HZUMBW92VFJGYBXIZ"',
66 verbose headers   age: '275',
66 verbose headers   connection: 'keep-alive',
66 verbose headers   'x-served-by': 'cache-ams4147-AMS',
66 verbose headers   'x-cache': 'HIT',
66 verbose headers   'x-cache-hits': '2',
66 verbose headers   'x-timer': 'S1457682298.391858,VS0,VE0',
66 verbose headers   vary: 'Accept' }
67 silly get cb [ 304,
67 silly get   { date: 'Fri, 11 Mar 2016 07:44:58 GMT',
67 silly get     via: '1.1 varnish',
67 silly get     'cache-control': 'max-age=300',
67 silly get     etag: '"8MTL7MP4HZUMBW92VFJGYBXIZ"',
67 silly get     age: '275',
67 silly get     connection: 'keep-alive',
67 silly get     'x-served-by': 'cache-ams4147-AMS',
67 silly get     'x-cache': 'HIT',
67 silly get     'x-cache-hits': '2',
67 silly get     'x-timer': 'S1457682298.391858,VS0,VE0',
67 silly get     vary: 'Accept' } ]
68 verbose etag https://registry.npmjs.org/jquery from cache
69 verbose get saving jquery to D:\Users\Tracer\AppData\Roaming\npm-cache\registry.npmjs.org\jquery\.cache.json
70 silly addNameTag next cb for jquery with tag latest
71 silly addNamed jquery@2.2.1
72 verbose addNamed "2.2.1" is a plain semver version for jquery
73 silly cache afterAdd jquery@2.2.1
74 verbose afterAdd D:\Users\Tracer\AppData\Roaming\npm-cache\jquery\2.2.1\package\package.json not in flight; writing
75 verbose afterAdd D:\Users\Tracer\AppData\Roaming\npm-cache\jquery\2.2.1\package\package.json written
76 http 404 https://registry.npmjs.org/2.1.4
77 verbose headers { 'content-type': 'application/json',
77 verbose headers   'cache-control': 'max-age=0',
77 verbose headers   'content-length': '2',
77 verbose headers   'accept-ranges': 'bytes',
77 verbose headers   date: 'Fri, 11 Mar 2016 07:44:58 GMT',
77 verbose headers   via: '1.1 varnish',
77 verbose headers   age: '0',
77 verbose headers   connection: 'keep-alive',
77 verbose headers   'x-served-by': 'cache-fra1245-FRA',
77 verbose headers   'x-cache': 'MISS',
77 verbose headers   'x-cache-hits': '0',
77 verbose headers   'x-timer': 'S1457682298.419326,VS0,VE186' }
78 silly get cb [ 404,
78 silly get   { 'content-type': 'application/json',
78 silly get     'cache-control': 'max-age=0',
78 silly get     'content-length': '2',
78 silly get     'accept-ranges': 'bytes',
78 silly get     date: 'Fri, 11 Mar 2016 07:44:58 GMT',
78 silly get     via: '1.1 varnish',
78 silly get     age: '0',
78 silly get     connection: 'keep-alive',
78 silly get     'x-served-by': 'cache-fra1245-FRA',
78 silly get     'x-cache': 'MISS',
78 silly get     'x-cache-hits': '0',
78 silly get     'x-timer': 'S1457682298.419326,VS0,VE186' } ]
79 verbose stack Error: Registry returned 404 for GET on https://registry.npmjs.org/2.1.4
79 verbose stack     at makeError (C:\Program Files\nodejs\node_modules\npm\node_modules\npm-registry-client\lib\request.js:264:12)
79 verbose stack     at CachingRegistryClient.<anonymous> (C:\Program Files\nodejs\node_modules\npm\node_modules\npm-registry-client\lib\request.js:242:14)
79 verbose stack     at Request._callback (C:\Program Files\nodejs\node_modules\npm\node_modules\npm-registry-client\lib\request.js:172:14)
79 verbose stack     at Request.self.callback (C:\Program Files\nodejs\node_modules\npm\node_modules\request\request.js:198:22)
79 verbose stack     at emitTwo (events.js:87:13)
79 verbose stack     at Request.emit (events.js:172:7)
79 verbose stack     at Request.<anonymous> (C:\Program Files\nodejs\node_modules\npm\node_modules\request\request.js:1082:10)
79 verbose stack     at emitOne (events.js:82:20)
79 verbose stack     at Request.emit (events.js:169:7)
79 verbose stack     at IncomingMessage.<anonymous> (C:\Program Files\nodejs\node_modules\npm\node_modules\request\request.js:1009:12)
80 verbose statusCode 404
81 verbose pkgid 2.1.4
82 verbose cwd C:\xampp\htdocs\ereport
83 error Windows_NT 6.1.7601
84 error argv "C:\\Program Files\\nodejs\\node.exe" "C:\\Program Files\\nodejs\\node_modules\\npm\\bin\\npm-cli.js" "install" "jquery" "2.1.4"
85 error node v4.3.1
86 error npm  v2.14.12
87 error code E404
88 error 404 Registry returned 404 for GET on https://registry.npmjs.org/2.1.4
88 error 404
88 error 404 '2.1.4' is not in the npm registry.
88 error 404 You should bug the author to publish it (or use the name yourself!)
88 error 404 It was specified as a dependency of 'zagotovka'
88 error 404
88 error 404 Note that you can also install from a
88 error 404 tarball, folder, http url, or git url.
89 verbose exit [ 1, true ]
